<?xml version="1.0" encoding="UTF-8"?>
<!-- Generated by org.testng.reporters.JUnitReportReporter -->
<testsuite skipped="0" hostname="CDI-LAP-0167" name="testclasses.TestNG_Parallel2" tests="2" failures="0" timestamp="05 Apr 2019 08:02:14 GMT" time="12.031" errors="0">
  <testcase name="testMethod2" time="6.016" classname="testclasses.TestNG_Parallel2"/>
  <testcase name="testMethod1" time="6.015" classname="testclasses.TestNG_Parallel2"/>
</testsuite> <!-- testclasses.TestNG_Parallel2 -->
