<?xml version="1.0" encoding="UTF-8"?>
<!-- Generated by org.testng.reporters.JUnitReportReporter -->
<testsuite skipped="0" hostname="CDI-LAP-0167" name="testclasses.TestNG_DataProviders" tests="3" failures="0" timestamp="10 Apr 2019 12:58:24 GMT" time="0.032" errors="0">
  <testcase name="testMethod1" time="0.016" classname="testclasses.TestNG_DataProviders"/>
  <testcase name="testMethod1" time="0.000" classname="testclasses.TestNG_DataProviders"/>
  <testcase name="testMethod1" time="0.016" classname="testclasses.TestNG_DataProviders"/>
</testsuite> <!-- testclasses.TestNG_DataProviders -->
