<?xml version="1.0" encoding="UTF-8"?>
<!-- Generated by org.testng.reporters.JUnitReportReporter -->
<testsuite skipped="0" hostname="CDI-LAP-0167" name="testclasses.TestAnnotation" tests="3" failures="0" timestamp="01 Apr 2019 06:57:17 GMT" time="0.067" errors="0">
  <testcase name="testMethod2" time="0.000" classname="testclasses.TestAnnotation"/>
  <testcase name="testMethod3" time="0.000" classname="testclasses.TestAnnotation"/>
  <testcase name="testMethod1" time="0.067" classname="testclasses.TestAnnotation"/>
</testsuite> <!-- testclasses.TestAnnotation -->
