<?xml version="1.0" encoding="UTF-8"?>
<!-- Generated by org.testng.reporters.JUnitReportReporter -->
<testsuite skipped="0" hostname="CDI-LAP-0167" name="lambdatest.TestNGTodo" tests="3" failures="0" timestamp="07 May 2019 09:57:37 GMT" time="16.527" errors="0">
  <testcase name="testSimple" time="7.707" classname="lambdatest.TestNGTodo"/>
  <testcase name="testSimple" time="7.297" classname="lambdatest.TestNGTodo"/>
  <testcase name="testSimple" time="1.523" classname="lambdatest.TestNGTodo"/>
</testsuite> <!-- lambdatest.TestNGTodo -->
