<?xml version="1.0" encoding="UTF-8"?>
<!-- Generated by org.testng.reporters.JUnitReportReporter -->
<testsuite skipped="0" hostname="CDI-LAP-0167" name="regressionsuite.TestNG_TestClass1" tests="2" failures="0" timestamp="02 Apr 2019 13:27:05 GMT" time="0.031" errors="0">
  <testcase name="testMethod1" time="0.031" classname="regressionsuite.TestNG_TestClass1"/>
  <testcase name="testMethod2" time="0.000" classname="regressionsuite.TestNG_TestClass1"/>
</testsuite> <!-- regressionsuite.TestNG_TestClass1 -->
