<?xml version="1.0" encoding="UTF-8"?>
<!-- Generated by org.testng.reporters.JUnitReportReporter -->
<testsuite skipped="0" hostname="CDI-LAP-0167" name="testclasses.TestNG_AnnotationsDemo" tests="2" failures="0" timestamp="02 Apr 2019 08:04:01 GMT" time="0.011" errors="0">
  <testcase name="testMethod1" time="0.008" classname="testclasses.TestNG_AnnotationsDemo"/>
  <testcase name="testMethod2" time="0.003" classname="testclasses.TestNG_AnnotationsDemo"/>
</testsuite> <!-- testclasses.TestNG_AnnotationsDemo -->
