<?xml version="1.0" encoding="UTF-8"?>
<!-- Generated by org.testng.reporters.JUnitReportReporter -->
<testsuite skipped="0" hostname="CDI-LAP-0167" name="testclasses.TestNG_Grouping" tests="2" failures="0" timestamp="03 Apr 2019 07:01:33 GMT" time="0.011" errors="0">
  <testcase name="testAudiA6" time="0.005" classname="testclasses.TestNG_Grouping"/>
  <testcase name="testBMWX6" time="0.006" classname="testclasses.TestNG_Grouping"/>
</testsuite> <!-- testclasses.TestNG_Grouping -->
