<?xml version="1.0" encoding="UTF-8"?>
<!-- Generated by org.testng.reporters.JUnitReportReporter -->
<testsuite skipped="1" hostname="CDI-LAP-0167" name="testclasses.TestNG_EnableTimeout" tests="2" failures="0" timestamp="03 Apr 2019 09:24:09 GMT" time="0.211" errors="0">
  <testcase name="testMethod2" time="0.211" classname="testclasses.TestNG_EnableTimeout"/>
  <testcase name="testMethod1" classname="testclasses.TestNG_EnableTimeout">
    <skipped/>
  </testcase> <!-- testMethod1 -->
</testsuite> <!-- testclasses.TestNG_EnableTimeout -->
