<?xml version="1.0" encoding="UTF-8"?>
<!-- Generated by org.testng.reporters.JUnitReportReporter -->
<testsuite skipped="0" hostname="CDI-LAP-0167" name="lambdatest.PageObjectModel" tests="3" failures="0" timestamp="09 May 2019 09:53:31 GMT" time="73.053" errors="0">
  <testcase name="test1" time="16.587" classname="lambdatest.PageObjectModel"/>
  <testcase name="test1" time="24.420" classname="lambdatest.PageObjectModel"/>
  <testcase name="test1" time="32.046" classname="lambdatest.PageObjectModel"/>
</testsuite> <!-- lambdatest.PageObjectModel -->
