<?xml version="1.0" encoding="UTF-8"?>
<!-- Generated by org.testng.reporters.JUnitReportReporter -->
<testsuite skipped="0" hostname="CDI-LAP-0167" name="testclasses.TestNG_TestClass2" tests="2" failures="0" timestamp="02 Apr 2019 09:57:44 GMT" time="0.005" errors="0">
  <testcase name="testMethod1" time="0.002" classname="testclasses.TestNG_TestClass2"/>
  <testcase name="testMethod2" time="0.003" classname="testclasses.TestNG_TestClass2"/>
</testsuite> <!-- testclasses.TestNG_TestClass2 -->
