<?xml version="1.0" encoding="UTF-8"?>
<!-- Generated by org.testng.reporters.JUnitReportReporter -->
<testsuite skipped="0" hostname="CDI-LAP-0167" name="testclasses.TestNG_Prioritiy" tests="3" failures="0" timestamp="03 Apr 2019 06:09:29 GMT" time="0.019" errors="0">
  <testcase name="testMethod3" time="0.013" classname="testclasses.TestNG_Prioritiy"/>
  <testcase name="testMethod2" time="0.004" classname="testclasses.TestNG_Prioritiy"/>
  <testcase name="testMethod1" time="0.002" classname="testclasses.TestNG_Prioritiy"/>
</testsuite> <!-- testclasses.TestNG_Prioritiy -->
