<?xml version="1.0" encoding="UTF-8"?>
<!-- Generated by org.testng.reporters.JUnitReportReporter -->
<testsuite skipped="0" hostname="CDI-LAP-0167" name="testclasses.TestNG_DependentTests" tests="4" failures="0" timestamp="03 Apr 2019 07:26:35 GMT" time="0.015" errors="0">
  <testcase name="testMethod4" time="0.015" classname="testclasses.TestNG_DependentTests"/>
  <testcase name="testMethod1" time="0.000" classname="testclasses.TestNG_DependentTests"/>
  <testcase name="testMethod2" time="0.000" classname="testclasses.TestNG_DependentTests"/>
  <testcase name="testMethod3" time="0.000" classname="testclasses.TestNG_DependentTests"/>
</testsuite> <!-- testclasses.TestNG_DependentTests -->
