<?xml version="1.0" encoding="UTF-8"?>
<!-- Generated by org.testng.reporters.JUnitReportReporter -->
<testsuite skipped="0" hostname="CDI-LAP-0167" name="testclasses.TestNG_TestParameters" tests="1" failures="0" timestamp="03 Apr 2019 10:50:46 GMT" time="0.000" errors="0">
  <testcase name="testMethod1" time="0.000" classname="testclasses.TestNG_TestParameters"/>
</testsuite> <!-- testclasses.TestNG_TestParameters -->
